<?xml version="1.0" encoding="UTF-8"?>
<!-- Generated by org.testng.reporters.JUnitReportReporter -->
<testsuite hostname="LAPTOP-BJSMP7Q6" failures="0" tests="3" name="testcases.CustomFieldConfigurationPageTest" time="43.065" errors="0" timestamp="2023-04-06T11:46:31 IST" skipped="0">
  <testcase classname="testcases.CustomFieldConfigurationPageTest" name="verifyAddCustomField" time="18.546"/>
  <system-out/>
  <testcase classname="testcases.CustomFieldConfigurationPageTest" name="verifyCustomRecordMessage" time="10.607"/>
  <system-out/>
  <testcase classname="testcases.CustomFieldConfigurationPageTest" name="verifyErrorMessageForField" time="13.912"/>
  <system-out/>
</testsuite> <!-- testcases.CustomFieldConfigurationPageTest -->
