<?xml version="1.0" encoding="UTF-8"?>
<!-- Generated by org.testng.reporters.JUnitReportReporter -->
<testsuite hostname="LAPTOP-BJSMP7Q6" failures="0" tests="3" name="testcases.AddEmployeePageTest" time="49.272" errors="0" timestamp="2023-04-06T11:46:31 IST" skipped="0">
  <testcase classname="testcases.AddEmployeePageTest" name="verifyAddEmployee" time="15.221"/>
  <system-out/>
  <testcase classname="testcases.AddEmployeePageTest" name="verifyAddEmployee" time="19.578"/>
  <system-out/>
  <testcase classname="testcases.AddEmployeePageTest" name="verifyAddEmployee" time="14.473"/>
  <system-out/>
</testsuite> <!-- testcases.AddEmployeePageTest -->
